2025-11-01 16:07:19,342 ERROR: Exception on /dashboard [GET] [in C:\Users\erkar\OneDrive\Desktop\MTC\venv2\Lib\site-packages\flask\app.py:825]
Traceback (most recent call last):
  File "C:\Users\erkar\OneDrive\Desktop\MTC\venv2\Lib\site-packages\flask\app.py", line 1455, in wsgi_app
    response = self.full_dispatch_request()
  File "C:\Users\erkar\OneDrive\Desktop\MTC\venv2\Lib\site-packages\flask\app.py", line 869, in full_dispatch_request
    rv = self.handle_user_exception(e)
  File "C:\Users\erkar\OneDrive\Desktop\MTC\venv2\Lib\site-packages\flask_cors\extension.py", line 176, in wrapped_function
    return cors_after_request(app.make_response(f(*args, **kwargs)))
                                                ~^^^^^^^^^^^^^^^^^
  File "C:\Users\erkar\OneDrive\Desktop\MTC\venv2\Lib\site-packages\flask\app.py", line 867, in full_dispatch_request
    rv = self.dispatch_request()
  File "C:\Users\erkar\OneDrive\Desktop\MTC\venv2\Lib\site-packages\flask\app.py", line 852, in dispatch_request
    return self.ensure_sync(self.view_functions[rule.endpoint])(**view_args)
           ~~~~~~~~~~~~~~~~~~~~~~~~~~~~~~~~~~~~~~~~~~~~~~~~~~~~^^^^^^^^^^^^^
  File "C:\Users\erkar\OneDrive\Desktop\MTC\venv2\Lib\site-packages\flask_login\utils.py", line 290, in decorated_view
    return current_app.ensure_sync(func)(*args, **kwargs)
           ~~~~~~~~~~~~~~~~~~~~~~~~~~~~~^^^^^^^^^^^^^^^^^
  File "C:\Users\erkar\OneDrive\Desktop\MTC\Project-root\app\main\routes.py", line 46, in dashboard
    return render_template('dashboard_new.html', metrics=metrics)
  File "C:\Users\erkar\OneDrive\Desktop\MTC\venv2\Lib\site-packages\flask\templating.py", line 152, in render_template
    return _render(app, template, context)
  File "C:\Users\erkar\OneDrive\Desktop\MTC\venv2\Lib\site-packages\flask\templating.py", line 133, in _render
    rv = template.render(context)
  File "C:\Users\erkar\OneDrive\Desktop\MTC\venv2\Lib\site-packages\jinja2\environment.py", line 1295, in render
    self.environment.handle_exception()
    ~~~~~~~~~~~~~~~~~~~~~~~~~~~~~~~~~^^
  File "C:\Users\erkar\OneDrive\Desktop\MTC\venv2\Lib\site-packages\jinja2\environment.py", line 942, in handle_exception
    raise rewrite_traceback_stack(source=source)
  File "C:\Users\erkar\OneDrive\Desktop\MTC\Project-root\templates\dashboard_new.html", line 1, in top-level template code
    {% extends "base.html" %}
  File "C:\Users\erkar\OneDrive\Desktop\MTC\Project-root\templates\base.html", line 149, in top-level template code
    {% block content %}{% endblock %}
    ^^^^^^^^^^^^^
  File "C:\Users\erkar\OneDrive\Desktop\MTC\Project-root\templates\dashboard_new.html", line 45, in block 'content'
    <a href="{{ url_for('low_stock_report') }}" class="report-item">
    ^^^^^^^^^^^^^
  File "C:\Users\erkar\OneDrive\Desktop\MTC\venv2\Lib\site-packages\flask\app.py", line 1071, in url_for
    return self.handle_url_build_error(error, endpoint, values)
           ~~~~~~~~~~~~~~~~~~~~~~~~~~~^^^^^^^^^^^^^^^^^^^^^^^^^
  File "C:\Users\erkar\OneDrive\Desktop\MTC\venv2\Lib\site-packages\flask\app.py", line 1060, in url_for
    rv = url_adapter.build(  # type: ignore[union-attr]
        endpoint,
    ...<3 lines>...
        force_external=_external,
    )
  File "C:\Users\erkar\OneDrive\Desktop\MTC\venv2\Lib\site-packages\werkzeug\routing\map.py", line 919, in build
    raise BuildError(endpoint, values, method, self)
werkzeug.routing.exceptions.BuildError: Could not build url for endpoint 'low_stock_report'. Did you mean 'main.low_stock_report' instead?
2025-11-01 16:07:25,239 ERROR: Exception on /dashboard [GET] [in C:\Users\erkar\OneDrive\Desktop\MTC\venv2\Lib\site-packages\flask\app.py:825]
Traceback (most recent call last):
  File "C:\Users\erkar\OneDrive\Desktop\MTC\venv2\Lib\site-packages\flask\app.py", line 1455, in wsgi_app
    response = self.full_dispatch_request()
  File "C:\Users\erkar\OneDrive\Desktop\MTC\venv2\Lib\site-packages\flask\app.py", line 869, in full_dispatch_request
    rv = self.handle_user_exception(e)
  File "C:\Users\erkar\OneDrive\Desktop\MTC\venv2\Lib\site-packages\flask_cors\extension.py", line 176, in wrapped_function
    return cors_after_request(app.make_response(f(*args, **kwargs)))
                                                ~^^^^^^^^^^^^^^^^^
  File "C:\Users\erkar\OneDrive\Desktop\MTC\venv2\Lib\site-packages\flask\app.py", line 867, in full_dispatch_request
    rv = self.dispatch_request()
  File "C:\Users\erkar\OneDrive\Desktop\MTC\venv2\Lib\site-packages\flask\app.py", line 852, in dispatch_request
    return self.ensure_sync(self.view_functions[rule.endpoint])(**view_args)
           ~~~~~~~~~~~~~~~~~~~~~~~~~~~~~~~~~~~~~~~~~~~~~~~~~~~~^^^^^^^^^^^^^
  File "C:\Users\erkar\OneDrive\Desktop\MTC\venv2\Lib\site-packages\flask_login\utils.py", line 290, in decorated_view
    return current_app.ensure_sync(func)(*args, **kwargs)
           ~~~~~~~~~~~~~~~~~~~~~~~~~~~~~^^^^^^^^^^^^^^^^^
  File "C:\Users\erkar\OneDrive\Desktop\MTC\Project-root\app\main\routes.py", line 46, in dashboard
    return render_template('dashboard_new.html', metrics=metrics)
  File "C:\Users\erkar\OneDrive\Desktop\MTC\venv2\Lib\site-packages\flask\templating.py", line 152, in render_template
    return _render(app, template, context)
  File "C:\Users\erkar\OneDrive\Desktop\MTC\venv2\Lib\site-packages\flask\templating.py", line 133, in _render
    rv = template.render(context)
  File "C:\Users\erkar\OneDrive\Desktop\MTC\venv2\Lib\site-packages\jinja2\environment.py", line 1295, in render
    self.environment.handle_exception()
    ~~~~~~~~~~~~~~~~~~~~~~~~~~~~~~~~~^^
  File "C:\Users\erkar\OneDrive\Desktop\MTC\venv2\Lib\site-packages\jinja2\environment.py", line 942, in handle_exception
    raise rewrite_traceback_stack(source=source)
  File "C:\Users\erkar\OneDrive\Desktop\MTC\Project-root\templates\dashboard_new.html", line 1, in top-level template code
    {% extends "base.html" %}
  File "C:\Users\erkar\OneDrive\Desktop\MTC\Project-root\templates\base.html", line 149, in top-level template code
    {% block content %}{% endblock %}
    ^^^^^^^^^^^^^
  File "C:\Users\erkar\OneDrive\Desktop\MTC\Project-root\templates\dashboard_new.html", line 45, in block 'content'
    <a href="{{ url_for('low_stock_report') }}" class="report-item">
    ^^^^^^^^^^^^^
  File "C:\Users\erkar\OneDrive\Desktop\MTC\venv2\Lib\site-packages\flask\app.py", line 1071, in url_for
    return self.handle_url_build_error(error, endpoint, values)
           ~~~~~~~~~~~~~~~~~~~~~~~~~~~^^^^^^^^^^^^^^^^^^^^^^^^^
  File "C:\Users\erkar\OneDrive\Desktop\MTC\venv2\Lib\site-packages\flask\app.py", line 1060, in url_for
    rv = url_adapter.build(  # type: ignore[union-attr]
        endpoint,
    ...<3 lines>...
        force_external=_external,
    )
  File "C:\Users\erkar\OneDrive\Desktop\MTC\venv2\Lib\site-packages\werkzeug\routing\map.py", line 919, in build
    raise BuildError(endpoint, values, method, self)
werkzeug.routing.exceptions.BuildError: Could not build url for endpoint 'low_stock_report'. Did you mean 'main.low_stock_report' instead?
2025-11-01 16:07:30,706 ERROR: Exception on /dashboard [GET] [in C:\Users\erkar\OneDrive\Desktop\MTC\venv2\Lib\site-packages\flask\app.py:825]
Traceback (most recent call last):
  File "C:\Users\erkar\OneDrive\Desktop\MTC\venv2\Lib\site-packages\flask\app.py", line 1455, in wsgi_app
    response = self.full_dispatch_request()
  File "C:\Users\erkar\OneDrive\Desktop\MTC\venv2\Lib\site-packages\flask\app.py", line 869, in full_dispatch_request
    rv = self.handle_user_exception(e)
  File "C:\Users\erkar\OneDrive\Desktop\MTC\venv2\Lib\site-packages\flask_cors\extension.py", line 176, in wrapped_function
    return cors_after_request(app.make_response(f(*args, **kwargs)))
                                                ~^^^^^^^^^^^^^^^^^
  File "C:\Users\erkar\OneDrive\Desktop\MTC\venv2\Lib\site-packages\flask\app.py", line 867, in full_dispatch_request
    rv = self.dispatch_request()
  File "C:\Users\erkar\OneDrive\Desktop\MTC\venv2\Lib\site-packages\flask\app.py", line 852, in dispatch_request
    return self.ensure_sync(self.view_functions[rule.endpoint])(**view_args)
           ~~~~~~~~~~~~~~~~~~~~~~~~~~~~~~~~~~~~~~~~~~~~~~~~~~~~^^^^^^^^^^^^^
  File "C:\Users\erkar\OneDrive\Desktop\MTC\venv2\Lib\site-packages\flask_login\utils.py", line 290, in decorated_view
    return current_app.ensure_sync(func)(*args, **kwargs)
           ~~~~~~~~~~~~~~~~~~~~~~~~~~~~~^^^^^^^^^^^^^^^^^
  File "C:\Users\erkar\OneDrive\Desktop\MTC\Project-root\app\main\routes.py", line 46, in dashboard
    return render_template('dashboard_new.html', metrics=metrics)
  File "C:\Users\erkar\OneDrive\Desktop\MTC\venv2\Lib\site-packages\flask\templating.py", line 152, in render_template
    return _render(app, template, context)
  File "C:\Users\erkar\OneDrive\Desktop\MTC\venv2\Lib\site-packages\flask\templating.py", line 133, in _render
    rv = template.render(context)
  File "C:\Users\erkar\OneDrive\Desktop\MTC\venv2\Lib\site-packages\jinja2\environment.py", line 1295, in render
    self.environment.handle_exception()
    ~~~~~~~~~~~~~~~~~~~~~~~~~~~~~~~~~^^
  File "C:\Users\erkar\OneDrive\Desktop\MTC\venv2\Lib\site-packages\jinja2\environment.py", line 942, in handle_exception
    raise rewrite_traceback_stack(source=source)
  File "C:\Users\erkar\OneDrive\Desktop\MTC\Project-root\templates\dashboard_new.html", line 1, in top-level template code
    {% extends "base.html" %}
  File "C:\Users\erkar\OneDrive\Desktop\MTC\Project-root\templates\base.html", line 149, in top-level template code
    {% block content %}{% endblock %}
    ^^^^^^^^^^^^^
  File "C:\Users\erkar\OneDrive\Desktop\MTC\Project-root\templates\dashboard_new.html", line 45, in block 'content'
    <a href="{{ url_for('low_stock_report') }}" class="report-item">
    ^^^^^^^^^^^^^
  File "C:\Users\erkar\OneDrive\Desktop\MTC\venv2\Lib\site-packages\flask\app.py", line 1071, in url_for
    return self.handle_url_build_error(error, endpoint, values)
           ~~~~~~~~~~~~~~~~~~~~~~~~~~~^^^^^^^^^^^^^^^^^^^^^^^^^
  File "C:\Users\erkar\OneDrive\Desktop\MTC\venv2\Lib\site-packages\flask\app.py", line 1060, in url_for
    rv = url_adapter.build(  # type: ignore[union-attr]
        endpoint,
    ...<3 lines>...
        force_external=_external,
    )
  File "C:\Users\erkar\OneDrive\Desktop\MTC\venv2\Lib\site-packages\werkzeug\routing\map.py", line 919, in build
    raise BuildError(endpoint, values, method, self)
werkzeug.routing.exceptions.BuildError: Could not build url for endpoint 'low_stock_report'. Did you mean 'main.low_stock_report' instead?
2025-11-01 16:08:52,188 ERROR: Exception on /dashboard [GET] [in C:\Users\erkar\OneDrive\Desktop\MTC\venv2\Lib\site-packages\flask\app.py:825]
Traceback (most recent call last):
  File "C:\Users\erkar\OneDrive\Desktop\MTC\venv2\Lib\site-packages\flask\app.py", line 1455, in wsgi_app
    response = self.full_dispatch_request()
  File "C:\Users\erkar\OneDrive\Desktop\MTC\venv2\Lib\site-packages\flask\app.py", line 869, in full_dispatch_request
    rv = self.handle_user_exception(e)
  File "C:\Users\erkar\OneDrive\Desktop\MTC\venv2\Lib\site-packages\flask_cors\extension.py", line 176, in wrapped_function
    return cors_after_request(app.make_response(f(*args, **kwargs)))
                                                ~^^^^^^^^^^^^^^^^^
  File "C:\Users\erkar\OneDrive\Desktop\MTC\venv2\Lib\site-packages\flask\app.py", line 867, in full_dispatch_request
    rv = self.dispatch_request()
  File "C:\Users\erkar\OneDrive\Desktop\MTC\venv2\Lib\site-packages\flask\app.py", line 852, in dispatch_request
    return self.ensure_sync(self.view_functions[rule.endpoint])(**view_args)
           ~~~~~~~~~~~~~~~~~~~~~~~~~~~~~~~~~~~~~~~~~~~~~~~~~~~~^^^^^^^^^^^^^
  File "C:\Users\erkar\OneDrive\Desktop\MTC\venv2\Lib\site-packages\flask_login\utils.py", line 290, in decorated_view
    return current_app.ensure_sync(func)(*args, **kwargs)
           ~~~~~~~~~~~~~~~~~~~~~~~~~~~~~^^^^^^^^^^^^^^^^^
  File "C:\Users\erkar\OneDrive\Desktop\MTC\Project-root\app\main\routes.py", line 46, in dashboard
    return render_template('dashboard_new.html', metrics=metrics)
  File "C:\Users\erkar\OneDrive\Desktop\MTC\venv2\Lib\site-packages\flask\templating.py", line 152, in render_template
    return _render(app, template, context)
  File "C:\Users\erkar\OneDrive\Desktop\MTC\venv2\Lib\site-packages\flask\templating.py", line 133, in _render
    rv = template.render(context)
  File "C:\Users\erkar\OneDrive\Desktop\MTC\venv2\Lib\site-packages\jinja2\environment.py", line 1295, in render
    self.environment.handle_exception()
    ~~~~~~~~~~~~~~~~~~~~~~~~~~~~~~~~~^^
  File "C:\Users\erkar\OneDrive\Desktop\MTC\venv2\Lib\site-packages\jinja2\environment.py", line 942, in handle_exception
    raise rewrite_traceback_stack(source=source)
  File "C:\Users\erkar\OneDrive\Desktop\MTC\Project-root\templates\dashboard_new.html", line 1, in top-level template code
    {% extends "base.html" %}
  File "C:\Users\erkar\OneDrive\Desktop\MTC\Project-root\templates\base.html", line 149, in top-level template code
    {% block content %}{% endblock %}
    ^^^^^^^^^^^^^
  File "C:\Users\erkar\OneDrive\Desktop\MTC\Project-root\templates\dashboard_new.html", line 45, in block 'content'
    <a href="{{ url_for('low_stock_report') }}" class="report-item">
    ^^^^^^^^^^^^^
  File "C:\Users\erkar\OneDrive\Desktop\MTC\venv2\Lib\site-packages\flask\app.py", line 1071, in url_for
    return self.handle_url_build_error(error, endpoint, values)
           ~~~~~~~~~~~~~~~~~~~~~~~~~~~^^^^^^^^^^^^^^^^^^^^^^^^^
  File "C:\Users\erkar\OneDrive\Desktop\MTC\venv2\Lib\site-packages\flask\app.py", line 1060, in url_for
    rv = url_adapter.build(  # type: ignore[union-attr]
        endpoint,
    ...<3 lines>...
        force_external=_external,
    )
  File "C:\Users\erkar\OneDrive\Desktop\MTC\venv2\Lib\site-packages\werkzeug\routing\map.py", line 919, in build
    raise BuildError(endpoint, values, method, self)
werkzeug.routing.exceptions.BuildError: Could not build url for endpoint 'low_stock_report'. Did you mean 'main.low_stock_report' instead?
2025-11-01 16:17:14,983 ERROR: Exception on /dashboard [GET] [in C:\Users\erkar\OneDrive\Desktop\MTC\venv2\Lib\site-packages\flask\app.py:825]
Traceback (most recent call last):
  File "C:\Users\erkar\OneDrive\Desktop\MTC\venv2\Lib\site-packages\flask\app.py", line 1455, in wsgi_app
    response = self.full_dispatch_request()
  File "C:\Users\erkar\OneDrive\Desktop\MTC\venv2\Lib\site-packages\flask\app.py", line 869, in full_dispatch_request
    rv = self.handle_user_exception(e)
  File "C:\Users\erkar\OneDrive\Desktop\MTC\venv2\Lib\site-packages\flask_cors\extension.py", line 176, in wrapped_function
    return cors_after_request(app.make_response(f(*args, **kwargs)))
                                                ~^^^^^^^^^^^^^^^^^
  File "C:\Users\erkar\OneDrive\Desktop\MTC\venv2\Lib\site-packages\flask\app.py", line 867, in full_dispatch_request
    rv = self.dispatch_request()
  File "C:\Users\erkar\OneDrive\Desktop\MTC\venv2\Lib\site-packages\flask\app.py", line 852, in dispatch_request
    return self.ensure_sync(self.view_functions[rule.endpoint])(**view_args)
           ~~~~~~~~~~~~~~~~~~~~~~~~~~~~~~~~~~~~~~~~~~~~~~~~~~~~^^^^^^^^^^^^^
  File "C:\Users\erkar\OneDrive\Desktop\MTC\venv2\Lib\site-packages\flask_login\utils.py", line 290, in decorated_view
    return current_app.ensure_sync(func)(*args, **kwargs)
           ~~~~~~~~~~~~~~~~~~~~~~~~~~~~~^^^^^^^^^^^^^^^^^
  File "C:\Users\erkar\OneDrive\Desktop\MTC\Project-root\app\main\routes.py", line 46, in dashboard
    return render_template('dashboard_new.html', metrics=metrics)
  File "C:\Users\erkar\OneDrive\Desktop\MTC\venv2\Lib\site-packages\flask\templating.py", line 152, in render_template
    return _render(app, template, context)
  File "C:\Users\erkar\OneDrive\Desktop\MTC\venv2\Lib\site-packages\flask\templating.py", line 133, in _render
    rv = template.render(context)
  File "C:\Users\erkar\OneDrive\Desktop\MTC\venv2\Lib\site-packages\jinja2\environment.py", line 1295, in render
    self.environment.handle_exception()
    ~~~~~~~~~~~~~~~~~~~~~~~~~~~~~~~~~^^
  File "C:\Users\erkar\OneDrive\Desktop\MTC\venv2\Lib\site-packages\jinja2\environment.py", line 942, in handle_exception
    raise rewrite_traceback_stack(source=source)
  File "C:\Users\erkar\OneDrive\Desktop\MTC\Project-root\templates\dashboard_new.html", line 1, in top-level template code
    {% extends "base.html" %}
  File "C:\Users\erkar\OneDrive\Desktop\MTC\Project-root\templates\base.html", line 149, in top-level template code
    {% block content %}{% endblock %}
    ^^^^^^^^^^^^^
  File "C:\Users\erkar\OneDrive\Desktop\MTC\Project-root\templates\dashboard_new.html", line 45, in block 'content'
    <a href="{{ url_for('low_stock_report') }}" class="report-item">
    ^^^^^^^^^^^^^
  File "C:\Users\erkar\OneDrive\Desktop\MTC\venv2\Lib\site-packages\flask\app.py", line 1071, in url_for
    return self.handle_url_build_error(error, endpoint, values)
           ~~~~~~~~~~~~~~~~~~~~~~~~~~~^^^^^^^^^^^^^^^^^^^^^^^^^
  File "C:\Users\erkar\OneDrive\Desktop\MTC\venv2\Lib\site-packages\flask\app.py", line 1060, in url_for
    rv = url_adapter.build(  # type: ignore[union-attr]
        endpoint,
    ...<3 lines>...
        force_external=_external,
    )
  File "C:\Users\erkar\OneDrive\Desktop\MTC\venv2\Lib\site-packages\werkzeug\routing\map.py", line 919, in build
    raise BuildError(endpoint, values, method, self)
werkzeug.routing.exceptions.BuildError: Could not build url for endpoint 'low_stock_report'. Did you mean 'main.low_stock_report' instead?
2025-11-01 16:17:45,601 ERROR: Exception on /dashboard [GET] [in C:\Users\erkar\OneDrive\Desktop\MTC\venv2\Lib\site-packages\flask\app.py:825]
Traceback (most recent call last):
  File "C:\Users\erkar\OneDrive\Desktop\MTC\venv2\Lib\site-packages\flask\app.py", line 1455, in wsgi_app
    response = self.full_dispatch_request()
  File "C:\Users\erkar\OneDrive\Desktop\MTC\venv2\Lib\site-packages\flask\app.py", line 869, in full_dispatch_request
    rv = self.handle_user_exception(e)
  File "C:\Users\erkar\OneDrive\Desktop\MTC\venv2\Lib\site-packages\flask_cors\extension.py", line 176, in wrapped_function
    return cors_after_request(app.make_response(f(*args, **kwargs)))
                                                ~^^^^^^^^^^^^^^^^^
  File "C:\Users\erkar\OneDrive\Desktop\MTC\venv2\Lib\site-packages\flask\app.py", line 867, in full_dispatch_request
    rv = self.dispatch_request()
  File "C:\Users\erkar\OneDrive\Desktop\MTC\venv2\Lib\site-packages\flask\app.py", line 852, in dispatch_request
    return self.ensure_sync(self.view_functions[rule.endpoint])(**view_args)
           ~~~~~~~~~~~~~~~~~~~~~~~~~~~~~~~~~~~~~~~~~~~~~~~~~~~~^^^^^^^^^^^^^
  File "C:\Users\erkar\OneDrive\Desktop\MTC\venv2\Lib\site-packages\flask_login\utils.py", line 290, in decorated_view
    return current_app.ensure_sync(func)(*args, **kwargs)
           ~~~~~~~~~~~~~~~~~~~~~~~~~~~~~^^^^^^^^^^^^^^^^^
  File "C:\Users\erkar\OneDrive\Desktop\MTC\Project-root\app\main\routes.py", line 46, in dashboard
    return render_template('dashboard_new.html', metrics=metrics)
  File "C:\Users\erkar\OneDrive\Desktop\MTC\venv2\Lib\site-packages\flask\templating.py", line 152, in render_template
    return _render(app, template, context)
  File "C:\Users\erkar\OneDrive\Desktop\MTC\venv2\Lib\site-packages\flask\templating.py", line 133, in _render
    rv = template.render(context)
  File "C:\Users\erkar\OneDrive\Desktop\MTC\venv2\Lib\site-packages\jinja2\environment.py", line 1295, in render
    self.environment.handle_exception()
    ~~~~~~~~~~~~~~~~~~~~~~~~~~~~~~~~~^^
  File "C:\Users\erkar\OneDrive\Desktop\MTC\venv2\Lib\site-packages\jinja2\environment.py", line 942, in handle_exception
    raise rewrite_traceback_stack(source=source)
  File "C:\Users\erkar\OneDrive\Desktop\MTC\Project-root\templates\dashboard_new.html", line 1, in top-level template code
    {% extends "base.html" %}
  File "C:\Users\erkar\OneDrive\Desktop\MTC\Project-root\templates\base.html", line 149, in top-level template code
    {% block content %}{% endblock %}
    ^^^^^^^^^^^^^
  File "C:\Users\erkar\OneDrive\Desktop\MTC\Project-root\templates\dashboard_new.html", line 45, in block 'content'
    <a href="{{ url_for('low_stock_report') }}" class="report-item">
    ^^^^^^^^^^^^^
  File "C:\Users\erkar\OneDrive\Desktop\MTC\venv2\Lib\site-packages\flask\app.py", line 1071, in url_for
    return self.handle_url_build_error(error, endpoint, values)
           ~~~~~~~~~~~~~~~~~~~~~~~~~~~^^^^^^^^^^^^^^^^^^^^^^^^^
  File "C:\Users\erkar\OneDrive\Desktop\MTC\venv2\Lib\site-packages\flask\app.py", line 1060, in url_for
    rv = url_adapter.build(  # type: ignore[union-attr]
        endpoint,
    ...<3 lines>...
        force_external=_external,
    )
  File "C:\Users\erkar\OneDrive\Desktop\MTC\venv2\Lib\site-packages\werkzeug\routing\map.py", line 919, in build
    raise BuildError(endpoint, values, method, self)
werkzeug.routing.exceptions.BuildError: Could not build url for endpoint 'low_stock_report'. Did you mean 'main.low_stock_report' instead?
2025-11-01 16:45:36,205 ERROR: Exception on /profile [GET] [in C:\Users\erkar\AppData\Local\Programs\Python\Python313\Lib\site-packages\flask\app.py:825]
Traceback (most recent call last):
  File "C:\Users\erkar\AppData\Local\Programs\Python\Python313\Lib\site-packages\flask\app.py", line 1455, in wsgi_app
    response = self.full_dispatch_request()
  File "C:\Users\erkar\AppData\Local\Programs\Python\Python313\Lib\site-packages\flask\app.py", line 869, in full_dispatch_request
    rv = self.handle_user_exception(e)
  File "C:\Users\erkar\AppData\Local\Programs\Python\Python313\Lib\site-packages\flask_cors\extension.py", line 176, in wrapped_function
    return cors_after_request(app.make_response(f(*args, **kwargs)))
                                                ~^^^^^^^^^^^^^^^^^
  File "C:\Users\erkar\AppData\Local\Programs\Python\Python313\Lib\site-packages\flask\app.py", line 867, in full_dispatch_request
    rv = self.dispatch_request()
  File "C:\Users\erkar\AppData\Local\Programs\Python\Python313\Lib\site-packages\flask\app.py", line 852, in dispatch_request
    return self.ensure_sync(self.view_functions[rule.endpoint])(**view_args)
           ~~~~~~~~~~~~~~~~~~~~~~~~~~~~~~~~~~~~~~~~~~~~~~~~~~~~^^^^^^^^^^^^^
  File "C:\Users\erkar\AppData\Local\Programs\Python\Python313\Lib\site-packages\flask_login\utils.py", line 290, in decorated_view
    return current_app.ensure_sync(func)(*args, **kwargs)
           ~~~~~~~~~~~~~~~~~~~~~~~~~~~~~^^^^^^^^^^^^^^^^^
  File "C:\Users\erkar\OneDrive\Desktop\MTC\project-root\app\main\routes.py", line 142, in profile
    return render_template('profile.html', user=current_user)
  File "C:\Users\erkar\AppData\Local\Programs\Python\Python313\Lib\site-packages\flask\templating.py", line 152, in render_template
    return _render(app, template, context)
  File "C:\Users\erkar\AppData\Local\Programs\Python\Python313\Lib\site-packages\flask\templating.py", line 133, in _render
    rv = template.render(context)
  File "C:\Users\erkar\AppData\Local\Programs\Python\Python313\Lib\site-packages\jinja2\environment.py", line 1295, in render
    self.environment.handle_exception()
    ~~~~~~~~~~~~~~~~~~~~~~~~~~~~~~~~~^^
  File "C:\Users\erkar\AppData\Local\Programs\Python\Python313\Lib\site-packages\jinja2\environment.py", line 942, in handle_exception
    raise rewrite_traceback_stack(source=source)
  File "C:\Users\erkar\OneDrive\Desktop\MTC\project-root\templates\profile.html", line 1, in top-level template code
    {% extends "base.html" %}
  File "C:\Users\erkar\OneDrive\Desktop\MTC\project-root\templates\base.html", line 149, in top-level template code
    {% block content %}{% endblock %}
    ^^^^^^^^^^^^^
  File "C:\Users\erkar\OneDrive\Desktop\MTC\project-root\templates\profile.html", line 61, in block 'content'
    <form action="{{ url_for('change_password') }}" method="POST" style="width:100%;">
    ^^^^^^^^^^^^^^^^^^^^^
  File "C:\Users\erkar\AppData\Local\Programs\Python\Python313\Lib\site-packages\flask\app.py", line 1071, in url_for
    return self.handle_url_build_error(error, endpoint, values)
           ~~~~~~~~~~~~~~~~~~~~~~~~~~~^^^^^^^^^^^^^^^^^^^^^^^^^
  File "C:\Users\erkar\AppData\Local\Programs\Python\Python313\Lib\site-packages\flask\app.py", line 1060, in url_for
    rv = url_adapter.build(  # type: ignore[union-attr]
        endpoint,
    ...<3 lines>...
        force_external=_external,
    )
  File "C:\Users\erkar\AppData\Local\Programs\Python\Python313\Lib\site-packages\werkzeug\routing\map.py", line 919, in build
    raise BuildError(endpoint, values, method, self)
werkzeug.routing.exceptions.BuildError: Could not build url for endpoint 'change_password'. Did you mean 'main.change_password' instead?
2025-11-01 16:47:14,604 ERROR: Exception on /profile [GET] [in C:\Users\erkar\AppData\Local\Programs\Python\Python313\Lib\site-packages\flask\app.py:825]
Traceback (most recent call last):
  File "C:\Users\erkar\AppData\Local\Programs\Python\Python313\Lib\site-packages\flask\app.py", line 1455, in wsgi_app
    response = self.full_dispatch_request()
  File "C:\Users\erkar\AppData\Local\Programs\Python\Python313\Lib\site-packages\flask\app.py", line 869, in full_dispatch_request
    rv = self.handle_user_exception(e)
  File "C:\Users\erkar\AppData\Local\Programs\Python\Python313\Lib\site-packages\flask_cors\extension.py", line 176, in wrapped_function
    return cors_after_request(app.make_response(f(*args, **kwargs)))
                                                ~^^^^^^^^^^^^^^^^^
  File "C:\Users\erkar\AppData\Local\Programs\Python\Python313\Lib\site-packages\flask\app.py", line 867, in full_dispatch_request
    rv = self.dispatch_request()
  File "C:\Users\erkar\AppData\Local\Programs\Python\Python313\Lib\site-packages\flask\app.py", line 852, in dispatch_request
    return self.ensure_sync(self.view_functions[rule.endpoint])(**view_args)
           ~~~~~~~~~~~~~~~~~~~~~~~~~~~~~~~~~~~~~~~~~~~~~~~~~~~~^^^^^^^^^^^^^
  File "C:\Users\erkar\AppData\Local\Programs\Python\Python313\Lib\site-packages\flask_login\utils.py", line 290, in decorated_view
    return current_app.ensure_sync(func)(*args, **kwargs)
           ~~~~~~~~~~~~~~~~~~~~~~~~~~~~~^^^^^^^^^^^^^^^^^
  File "C:\Users\erkar\OneDrive\Desktop\MTC\project-root\app\main\routes.py", line 142, in profile
    return render_template('profile.html', user=current_user)
  File "C:\Users\erkar\AppData\Local\Programs\Python\Python313\Lib\site-packages\flask\templating.py", line 152, in render_template
    return _render(app, template, context)
  File "C:\Users\erkar\AppData\Local\Programs\Python\Python313\Lib\site-packages\flask\templating.py", line 133, in _render
    rv = template.render(context)
  File "C:\Users\erkar\AppData\Local\Programs\Python\Python313\Lib\site-packages\jinja2\environment.py", line 1295, in render
    self.environment.handle_exception()
    ~~~~~~~~~~~~~~~~~~~~~~~~~~~~~~~~~^^
  File "C:\Users\erkar\AppData\Local\Programs\Python\Python313\Lib\site-packages\jinja2\environment.py", line 942, in handle_exception
    raise rewrite_traceback_stack(source=source)
  File "C:\Users\erkar\OneDrive\Desktop\MTC\project-root\templates\profile.html", line 1, in top-level template code
    {% extends "base.html" %}
  File "C:\Users\erkar\OneDrive\Desktop\MTC\project-root\templates\base.html", line 149, in top-level template code
    {% block content %}{% endblock %}
    ^^^^^^^^^^^^^
  File "C:\Users\erkar\OneDrive\Desktop\MTC\project-root\templates\profile.html", line 61, in block 'content'
    <form action="{{ url_for('main.change_password') }}" method="POST" style="width:100%;">
    ^^^^^^^^^^^^^^^^^^^^^
  File "C:\Users\erkar\AppData\Local\Programs\Python\Python313\Lib\site-packages\flask\app.py", line 1071, in url_for
    return self.handle_url_build_error(error, endpoint, values)
           ~~~~~~~~~~~~~~~~~~~~~~~~~~~^^^^^^^^^^^^^^^^^^^^^^^^^
  File "C:\Users\erkar\AppData\Local\Programs\Python\Python313\Lib\site-packages\flask\app.py", line 1060, in url_for
    rv = url_adapter.build(  # type: ignore[union-attr]
        endpoint,
    ...<3 lines>...
        force_external=_external,
    )
  File "C:\Users\erkar\AppData\Local\Programs\Python\Python313\Lib\site-packages\werkzeug\routing\map.py", line 919, in build
    raise BuildError(endpoint, values, method, self)
werkzeug.routing.exceptions.BuildError: Could not build url for endpoint 'change_password'. Did you mean 'main.change_password' instead?
2025-11-01 16:47:25,072 ERROR: Exception on /profile [GET] [in C:\Users\erkar\AppData\Local\Programs\Python\Python313\Lib\site-packages\flask\app.py:825]
Traceback (most recent call last):
  File "C:\Users\erkar\AppData\Local\Programs\Python\Python313\Lib\site-packages\flask\app.py", line 1455, in wsgi_app
    response = self.full_dispatch_request()
  File "C:\Users\erkar\AppData\Local\Programs\Python\Python313\Lib\site-packages\flask\app.py", line 869, in full_dispatch_request
    rv = self.handle_user_exception(e)
  File "C:\Users\erkar\AppData\Local\Programs\Python\Python313\Lib\site-packages\flask_cors\extension.py", line 176, in wrapped_function
    return cors_after_request(app.make_response(f(*args, **kwargs)))
                                                ~^^^^^^^^^^^^^^^^^
  File "C:\Users\erkar\AppData\Local\Programs\Python\Python313\Lib\site-packages\flask\app.py", line 867, in full_dispatch_request
    rv = self.dispatch_request()
  File "C:\Users\erkar\AppData\Local\Programs\Python\Python313\Lib\site-packages\flask\app.py", line 852, in dispatch_request
    return self.ensure_sync(self.view_functions[rule.endpoint])(**view_args)
           ~~~~~~~~~~~~~~~~~~~~~~~~~~~~~~~~~~~~~~~~~~~~~~~~~~~~^^^^^^^^^^^^^
  File "C:\Users\erkar\AppData\Local\Programs\Python\Python313\Lib\site-packages\flask_login\utils.py", line 290, in decorated_view
    return current_app.ensure_sync(func)(*args, **kwargs)
           ~~~~~~~~~~~~~~~~~~~~~~~~~~~~~^^^^^^^^^^^^^^^^^
  File "C:\Users\erkar\OneDrive\Desktop\MTC\project-root\app\main\routes.py", line 142, in profile
    return render_template('profile.html', user=current_user)
  File "C:\Users\erkar\AppData\Local\Programs\Python\Python313\Lib\site-packages\flask\templating.py", line 152, in render_template
    return _render(app, template, context)
  File "C:\Users\erkar\AppData\Local\Programs\Python\Python313\Lib\site-packages\flask\templating.py", line 133, in _render
    rv = template.render(context)
  File "C:\Users\erkar\AppData\Local\Programs\Python\Python313\Lib\site-packages\jinja2\environment.py", line 1295, in render
    self.environment.handle_exception()
    ~~~~~~~~~~~~~~~~~~~~~~~~~~~~~~~~~^^
  File "C:\Users\erkar\AppData\Local\Programs\Python\Python313\Lib\site-packages\jinja2\environment.py", line 942, in handle_exception
    raise rewrite_traceback_stack(source=source)
  File "C:\Users\erkar\OneDrive\Desktop\MTC\project-root\templates\profile.html", line 1, in top-level template code
    {% extends "base.html" %}
  File "C:\Users\erkar\OneDrive\Desktop\MTC\project-root\templates\base.html", line 149, in top-level template code
    {% block content %}{% endblock %}
    ^^^^^^^^^^^^^
  File "C:\Users\erkar\OneDrive\Desktop\MTC\project-root\templates\profile.html", line 61, in block 'content'
    <form action="{{ url_for('main.change_password') }}" method="POST" style="width:100%;">
    ^^^^^^^^^^^^^^^^^^^^^
  File "C:\Users\erkar\AppData\Local\Programs\Python\Python313\Lib\site-packages\flask\app.py", line 1071, in url_for
    return self.handle_url_build_error(error, endpoint, values)
           ~~~~~~~~~~~~~~~~~~~~~~~~~~~^^^^^^^^^^^^^^^^^^^^^^^^^
  File "C:\Users\erkar\AppData\Local\Programs\Python\Python313\Lib\site-packages\flask\app.py", line 1060, in url_for
    rv = url_adapter.build(  # type: ignore[union-attr]
        endpoint,
    ...<3 lines>...
        force_external=_external,
    )
  File "C:\Users\erkar\AppData\Local\Programs\Python\Python313\Lib\site-packages\werkzeug\routing\map.py", line 919, in build
    raise BuildError(endpoint, values, method, self)
werkzeug.routing.exceptions.BuildError: Could not build url for endpoint 'change_password'. Did you mean 'main.change_password' instead?
2025-11-01 16:48:06,290 ERROR: Exception on /profile [GET] [in C:\Users\erkar\AppData\Local\Programs\Python\Python313\Lib\site-packages\flask\app.py:825]
Traceback (most recent call last):
  File "C:\Users\erkar\AppData\Local\Programs\Python\Python313\Lib\site-packages\flask\app.py", line 1455, in wsgi_app
    response = self.full_dispatch_request()
  File "C:\Users\erkar\AppData\Local\Programs\Python\Python313\Lib\site-packages\flask\app.py", line 869, in full_dispatch_request
    rv = self.handle_user_exception(e)
  File "C:\Users\erkar\AppData\Local\Programs\Python\Python313\Lib\site-packages\flask_cors\extension.py", line 176, in wrapped_function
    return cors_after_request(app.make_response(f(*args, **kwargs)))
                                                ~^^^^^^^^^^^^^^^^^
  File "C:\Users\erkar\AppData\Local\Programs\Python\Python313\Lib\site-packages\flask\app.py", line 867, in full_dispatch_request
    rv = self.dispatch_request()
  File "C:\Users\erkar\AppData\Local\Programs\Python\Python313\Lib\site-packages\flask\app.py", line 852, in dispatch_request
    return self.ensure_sync(self.view_functions[rule.endpoint])(**view_args)
           ~~~~~~~~~~~~~~~~~~~~~~~~~~~~~~~~~~~~~~~~~~~~~~~~~~~~^^^^^^^^^^^^^
  File "C:\Users\erkar\AppData\Local\Programs\Python\Python313\Lib\site-packages\flask_login\utils.py", line 290, in decorated_view
    return current_app.ensure_sync(func)(*args, **kwargs)
           ~~~~~~~~~~~~~~~~~~~~~~~~~~~~~^^^^^^^^^^^^^^^^^
  File "C:\Users\erkar\OneDrive\Desktop\MTC\project-root\app\main\routes.py", line 142, in profile
    return render_template('profile.html', user=current_user)
  File "C:\Users\erkar\AppData\Local\Programs\Python\Python313\Lib\site-packages\flask\templating.py", line 152, in render_template
    return _render(app, template, context)
  File "C:\Users\erkar\AppData\Local\Programs\Python\Python313\Lib\site-packages\flask\templating.py", line 133, in _render
    rv = template.render(context)
  File "C:\Users\erkar\AppData\Local\Programs\Python\Python313\Lib\site-packages\jinja2\environment.py", line 1295, in render
    self.environment.handle_exception()
    ~~~~~~~~~~~~~~~~~~~~~~~~~~~~~~~~~^^
  File "C:\Users\erkar\AppData\Local\Programs\Python\Python313\Lib\site-packages\jinja2\environment.py", line 942, in handle_exception
    raise rewrite_traceback_stack(source=source)
  File "C:\Users\erkar\OneDrive\Desktop\MTC\project-root\templates\profile.html", line 1, in top-level template code
    {% extends "base.html" %}
  File "C:\Users\erkar\OneDrive\Desktop\MTC\project-root\templates\base.html", line 149, in top-level template code
    {% block content %}{% endblock %}
    ^^^^^^^^^^^^^
  File "C:\Users\erkar\OneDrive\Desktop\MTC\project-root\templates\profile.html", line 61, in block 'content'
    <form action="{{ url_for('main.change_password') }}" method="POST" style="width:100%;">
    ^^^^^^^^^^^^^^^^^^^^^
  File "C:\Users\erkar\AppData\Local\Programs\Python\Python313\Lib\site-packages\flask\app.py", line 1071, in url_for
    return self.handle_url_build_error(error, endpoint, values)
           ~~~~~~~~~~~~~~~~~~~~~~~~~~~^^^^^^^^^^^^^^^^^^^^^^^^^
  File "C:\Users\erkar\AppData\Local\Programs\Python\Python313\Lib\site-packages\flask\app.py", line 1060, in url_for
    rv = url_adapter.build(  # type: ignore[union-attr]
        endpoint,
    ...<3 lines>...
        force_external=_external,
    )
  File "C:\Users\erkar\AppData\Local\Programs\Python\Python313\Lib\site-packages\werkzeug\routing\map.py", line 919, in build
    raise BuildError(endpoint, values, method, self)
werkzeug.routing.exceptions.BuildError: Could not build url for endpoint 'change_password'. Did you mean 'main.change_password' instead?
2025-11-01 16:48:10,113 ERROR: Exception on /profile [GET] [in C:\Users\erkar\AppData\Local\Programs\Python\Python313\Lib\site-packages\flask\app.py:825]
Traceback (most recent call last):
  File "C:\Users\erkar\AppData\Local\Programs\Python\Python313\Lib\site-packages\flask\app.py", line 1455, in wsgi_app
    response = self.full_dispatch_request()
  File "C:\Users\erkar\AppData\Local\Programs\Python\Python313\Lib\site-packages\flask\app.py", line 869, in full_dispatch_request
    rv = self.handle_user_exception(e)
  File "C:\Users\erkar\AppData\Local\Programs\Python\Python313\Lib\site-packages\flask_cors\extension.py", line 176, in wrapped_function
    return cors_after_request(app.make_response(f(*args, **kwargs)))
                                                ~^^^^^^^^^^^^^^^^^
  File "C:\Users\erkar\AppData\Local\Programs\Python\Python313\Lib\site-packages\flask\app.py", line 867, in full_dispatch_request
    rv = self.dispatch_request()
  File "C:\Users\erkar\AppData\Local\Programs\Python\Python313\Lib\site-packages\flask\app.py", line 852, in dispatch_request
    return self.ensure_sync(self.view_functions[rule.endpoint])(**view_args)
           ~~~~~~~~~~~~~~~~~~~~~~~~~~~~~~~~~~~~~~~~~~~~~~~~~~~~^^^^^^^^^^^^^
  File "C:\Users\erkar\AppData\Local\Programs\Python\Python313\Lib\site-packages\flask_login\utils.py", line 290, in decorated_view
    return current_app.ensure_sync(func)(*args, **kwargs)
           ~~~~~~~~~~~~~~~~~~~~~~~~~~~~~^^^^^^^^^^^^^^^^^
  File "C:\Users\erkar\OneDrive\Desktop\MTC\project-root\app\main\routes.py", line 142, in profile
    return render_template('profile.html', user=current_user)
  File "C:\Users\erkar\AppData\Local\Programs\Python\Python313\Lib\site-packages\flask\templating.py", line 152, in render_template
    return _render(app, template, context)
  File "C:\Users\erkar\AppData\Local\Programs\Python\Python313\Lib\site-packages\flask\templating.py", line 133, in _render
    rv = template.render(context)
  File "C:\Users\erkar\AppData\Local\Programs\Python\Python313\Lib\site-packages\jinja2\environment.py", line 1295, in render
    self.environment.handle_exception()
    ~~~~~~~~~~~~~~~~~~~~~~~~~~~~~~~~~^^
  File "C:\Users\erkar\AppData\Local\Programs\Python\Python313\Lib\site-packages\jinja2\environment.py", line 942, in handle_exception
    raise rewrite_traceback_stack(source=source)
  File "C:\Users\erkar\OneDrive\Desktop\MTC\project-root\templates\profile.html", line 1, in top-level template code
    {% extends "base.html" %}
  File "C:\Users\erkar\OneDrive\Desktop\MTC\project-root\templates\base.html", line 149, in top-level template code
    {% block content %}{% endblock %}
    ^^^^^^^^^^^^^
  File "C:\Users\erkar\OneDrive\Desktop\MTC\project-root\templates\profile.html", line 61, in block 'content'
    <form action="{{ url_for('main.change_password') }}" method="POST" style="width:100%;">
    ^^^^^^^^^^^^^^^^^^^^^
  File "C:\Users\erkar\AppData\Local\Programs\Python\Python313\Lib\site-packages\flask\app.py", line 1071, in url_for
    return self.handle_url_build_error(error, endpoint, values)
           ~~~~~~~~~~~~~~~~~~~~~~~~~~~^^^^^^^^^^^^^^^^^^^^^^^^^
  File "C:\Users\erkar\AppData\Local\Programs\Python\Python313\Lib\site-packages\flask\app.py", line 1060, in url_for
    rv = url_adapter.build(  # type: ignore[union-attr]
        endpoint,
    ...<3 lines>...
        force_external=_external,
    )
  File "C:\Users\erkar\AppData\Local\Programs\Python\Python313\Lib\site-packages\werkzeug\routing\map.py", line 919, in build
    raise BuildError(endpoint, values, method, self)
werkzeug.routing.exceptions.BuildError: Could not build url for endpoint 'change_password'. Did you mean 'main.change_password' instead?
2025-11-01 16:48:14,728 ERROR: Exception on /profile [GET] [in C:\Users\erkar\AppData\Local\Programs\Python\Python313\Lib\site-packages\flask\app.py:825]
Traceback (most recent call last):
  File "C:\Users\erkar\AppData\Local\Programs\Python\Python313\Lib\site-packages\flask\app.py", line 1455, in wsgi_app
    response = self.full_dispatch_request()
  File "C:\Users\erkar\AppData\Local\Programs\Python\Python313\Lib\site-packages\flask\app.py", line 869, in full_dispatch_request
    rv = self.handle_user_exception(e)
  File "C:\Users\erkar\AppData\Local\Programs\Python\Python313\Lib\site-packages\flask_cors\extension.py", line 176, in wrapped_function
    return cors_after_request(app.make_response(f(*args, **kwargs)))
                                                ~^^^^^^^^^^^^^^^^^
  File "C:\Users\erkar\AppData\Local\Programs\Python\Python313\Lib\site-packages\flask\app.py", line 867, in full_dispatch_request
    rv = self.dispatch_request()
  File "C:\Users\erkar\AppData\Local\Programs\Python\Python313\Lib\site-packages\flask\app.py", line 852, in dispatch_request
    return self.ensure_sync(self.view_functions[rule.endpoint])(**view_args)
           ~~~~~~~~~~~~~~~~~~~~~~~~~~~~~~~~~~~~~~~~~~~~~~~~~~~~^^^^^^^^^^^^^
  File "C:\Users\erkar\AppData\Local\Programs\Python\Python313\Lib\site-packages\flask_login\utils.py", line 290, in decorated_view
    return current_app.ensure_sync(func)(*args, **kwargs)
           ~~~~~~~~~~~~~~~~~~~~~~~~~~~~~^^^^^^^^^^^^^^^^^
  File "C:\Users\erkar\OneDrive\Desktop\MTC\project-root\app\main\routes.py", line 142, in profile
    return render_template('profile.html', user=current_user)
  File "C:\Users\erkar\AppData\Local\Programs\Python\Python313\Lib\site-packages\flask\templating.py", line 152, in render_template
    return _render(app, template, context)
  File "C:\Users\erkar\AppData\Local\Programs\Python\Python313\Lib\site-packages\flask\templating.py", line 133, in _render
    rv = template.render(context)
  File "C:\Users\erkar\AppData\Local\Programs\Python\Python313\Lib\site-packages\jinja2\environment.py", line 1295, in render
    self.environment.handle_exception()
    ~~~~~~~~~~~~~~~~~~~~~~~~~~~~~~~~~^^
  File "C:\Users\erkar\AppData\Local\Programs\Python\Python313\Lib\site-packages\jinja2\environment.py", line 942, in handle_exception
    raise rewrite_traceback_stack(source=source)
  File "C:\Users\erkar\OneDrive\Desktop\MTC\project-root\templates\profile.html", line 1, in top-level template code
    {% extends "base.html" %}
  File "C:\Users\erkar\OneDrive\Desktop\MTC\project-root\templates\base.html", line 149, in top-level template code
    {% block content %}{% endblock %}
    ^^^^^^^^^^^^^
  File "C:\Users\erkar\OneDrive\Desktop\MTC\project-root\templates\profile.html", line 61, in block 'content'
    <form action="{{ url_for('main.change_password') }}" method="POST" style="width:100%;">
    ^^^^^^^^^^^^^^^^^^^^^
  File "C:\Users\erkar\AppData\Local\Programs\Python\Python313\Lib\site-packages\flask\app.py", line 1071, in url_for
    return self.handle_url_build_error(error, endpoint, values)
           ~~~~~~~~~~~~~~~~~~~~~~~~~~~^^^^^^^^^^^^^^^^^^^^^^^^^
  File "C:\Users\erkar\AppData\Local\Programs\Python\Python313\Lib\site-packages\flask\app.py", line 1060, in url_for
    rv = url_adapter.build(  # type: ignore[union-attr]
        endpoint,
    ...<3 lines>...
        force_external=_external,
    )
  File "C:\Users\erkar\AppData\Local\Programs\Python\Python313\Lib\site-packages\werkzeug\routing\map.py", line 919, in build
    raise BuildError(endpoint, values, method, self)
werkzeug.routing.exceptions.BuildError: Could not build url for endpoint 'change_password'. Did you mean 'main.change_password' instead?
2025-11-01 16:51:06,548 ERROR: Exception on /profile [GET] [in C:\Users\erkar\AppData\Local\Programs\Python\Python313\Lib\site-packages\flask\app.py:825]
Traceback (most recent call last):
  File "C:\Users\erkar\AppData\Local\Programs\Python\Python313\Lib\site-packages\flask\app.py", line 1455, in wsgi_app
    response = self.full_dispatch_request()
  File "C:\Users\erkar\AppData\Local\Programs\Python\Python313\Lib\site-packages\flask\app.py", line 869, in full_dispatch_request
    rv = self.handle_user_exception(e)
  File "C:\Users\erkar\AppData\Local\Programs\Python\Python313\Lib\site-packages\flask_cors\extension.py", line 176, in wrapped_function
    return cors_after_request(app.make_response(f(*args, **kwargs)))
                                                ~^^^^^^^^^^^^^^^^^
  File "C:\Users\erkar\AppData\Local\Programs\Python\Python313\Lib\site-packages\flask\app.py", line 867, in full_dispatch_request
    rv = self.dispatch_request()
  File "C:\Users\erkar\AppData\Local\Programs\Python\Python313\Lib\site-packages\flask\app.py", line 852, in dispatch_request
    return self.ensure_sync(self.view_functions[rule.endpoint])(**view_args)
           ~~~~~~~~~~~~~~~~~~~~~~~~~~~~~~~~~~~~~~~~~~~~~~~~~~~~^^^^^^^^^^^^^
  File "C:\Users\erkar\AppData\Local\Programs\Python\Python313\Lib\site-packages\flask_login\utils.py", line 290, in decorated_view
    return current_app.ensure_sync(func)(*args, **kwargs)
           ~~~~~~~~~~~~~~~~~~~~~~~~~~~~~^^^^^^^^^^^^^^^^^
  File "C:\Users\erkar\OneDrive\Desktop\MTC\project-root\app\main\routes.py", line 142, in profile
    return render_template('profile.html', user=current_user)
  File "C:\Users\erkar\AppData\Local\Programs\Python\Python313\Lib\site-packages\flask\templating.py", line 152, in render_template
    return _render(app, template, context)
  File "C:\Users\erkar\AppData\Local\Programs\Python\Python313\Lib\site-packages\flask\templating.py", line 133, in _render
    rv = template.render(context)
  File "C:\Users\erkar\AppData\Local\Programs\Python\Python313\Lib\site-packages\jinja2\environment.py", line 1295, in render
    self.environment.handle_exception()
    ~~~~~~~~~~~~~~~~~~~~~~~~~~~~~~~~~^^
  File "C:\Users\erkar\AppData\Local\Programs\Python\Python313\Lib\site-packages\jinja2\environment.py", line 942, in handle_exception
    raise rewrite_traceback_stack(source=source)
  File "C:\Users\erkar\OneDrive\Desktop\MTC\project-root\templates\profile.html", line 1, in top-level template code
    {% extends "base.html" %}
  File "C:\Users\erkar\OneDrive\Desktop\MTC\project-root\templates\base.html", line 149, in top-level template code
    {% block content %}{% endblock %}
    ^^^^^^^^^^^^^
  File "C:\Users\erkar\OneDrive\Desktop\MTC\project-root\templates\profile.html", line 61, in block 'content'
    <form action="{{ url_for('main.change_password') }}" method="POST" style="width:100%;">
    ^^^^^^^^^^^^^^^^^^^^^
  File "C:\Users\erkar\AppData\Local\Programs\Python\Python313\Lib\site-packages\flask\app.py", line 1071, in url_for
    return self.handle_url_build_error(error, endpoint, values)
           ~~~~~~~~~~~~~~~~~~~~~~~~~~~^^^^^^^^^^^^^^^^^^^^^^^^^
  File "C:\Users\erkar\AppData\Local\Programs\Python\Python313\Lib\site-packages\flask\app.py", line 1060, in url_for
    rv = url_adapter.build(  # type: ignore[union-attr]
        endpoint,
    ...<3 lines>...
        force_external=_external,
    )
  File "C:\Users\erkar\AppData\Local\Programs\Python\Python313\Lib\site-packages\werkzeug\routing\map.py", line 919, in build
    raise BuildError(endpoint, values, method, self)
werkzeug.routing.exceptions.BuildError: Could not build url for endpoint 'change_password'. Did you mean 'main.change_password' instead?
2025-11-01 16:51:12,924 ERROR: Exception on /profile [GET] [in C:\Users\erkar\AppData\Local\Programs\Python\Python313\Lib\site-packages\flask\app.py:825]
Traceback (most recent call last):
  File "C:\Users\erkar\AppData\Local\Programs\Python\Python313\Lib\site-packages\flask\app.py", line 1455, in wsgi_app
    response = self.full_dispatch_request()
  File "C:\Users\erkar\AppData\Local\Programs\Python\Python313\Lib\site-packages\flask\app.py", line 869, in full_dispatch_request
    rv = self.handle_user_exception(e)
  File "C:\Users\erkar\AppData\Local\Programs\Python\Python313\Lib\site-packages\flask_cors\extension.py", line 176, in wrapped_function
    return cors_after_request(app.make_response(f(*args, **kwargs)))
                                                ~^^^^^^^^^^^^^^^^^
  File "C:\Users\erkar\AppData\Local\Programs\Python\Python313\Lib\site-packages\flask\app.py", line 867, in full_dispatch_request
    rv = self.dispatch_request()
  File "C:\Users\erkar\AppData\Local\Programs\Python\Python313\Lib\site-packages\flask\app.py", line 852, in dispatch_request
    return self.ensure_sync(self.view_functions[rule.endpoint])(**view_args)
           ~~~~~~~~~~~~~~~~~~~~~~~~~~~~~~~~~~~~~~~~~~~~~~~~~~~~^^^^^^^^^^^^^
  File "C:\Users\erkar\AppData\Local\Programs\Python\Python313\Lib\site-packages\flask_login\utils.py", line 290, in decorated_view
    return current_app.ensure_sync(func)(*args, **kwargs)
           ~~~~~~~~~~~~~~~~~~~~~~~~~~~~~^^^^^^^^^^^^^^^^^
  File "C:\Users\erkar\OneDrive\Desktop\MTC\project-root\app\main\routes.py", line 142, in profile
    return render_template('profile.html', user=current_user)
  File "C:\Users\erkar\AppData\Local\Programs\Python\Python313\Lib\site-packages\flask\templating.py", line 152, in render_template
    return _render(app, template, context)
  File "C:\Users\erkar\AppData\Local\Programs\Python\Python313\Lib\site-packages\flask\templating.py", line 133, in _render
    rv = template.render(context)
  File "C:\Users\erkar\AppData\Local\Programs\Python\Python313\Lib\site-packages\jinja2\environment.py", line 1295, in render
    self.environment.handle_exception()
    ~~~~~~~~~~~~~~~~~~~~~~~~~~~~~~~~~^^
  File "C:\Users\erkar\AppData\Local\Programs\Python\Python313\Lib\site-packages\jinja2\environment.py", line 942, in handle_exception
    raise rewrite_traceback_stack(source=source)
  File "C:\Users\erkar\OneDrive\Desktop\MTC\project-root\templates\profile.html", line 1, in top-level template code
    {% extends "base.html" %}
  File "C:\Users\erkar\OneDrive\Desktop\MTC\project-root\templates\base.html", line 149, in top-level template code
    {% block content %}{% endblock %}
    ^^^^^^^^^^^^^
  File "C:\Users\erkar\OneDrive\Desktop\MTC\project-root\templates\profile.html", line 61, in block 'content'
    <form action="{{ url_for('main.change_password') }}" method="POST" style="width:100%;">
    ^^^^^^^^^^^^^^^^^^^^^
  File "C:\Users\erkar\AppData\Local\Programs\Python\Python313\Lib\site-packages\flask\app.py", line 1071, in url_for
    return self.handle_url_build_error(error, endpoint, values)
           ~~~~~~~~~~~~~~~~~~~~~~~~~~~^^^^^^^^^^^^^^^^^^^^^^^^^
  File "C:\Users\erkar\AppData\Local\Programs\Python\Python313\Lib\site-packages\flask\app.py", line 1060, in url_for
    rv = url_adapter.build(  # type: ignore[union-attr]
        endpoint,
    ...<3 lines>...
        force_external=_external,
    )
  File "C:\Users\erkar\AppData\Local\Programs\Python\Python313\Lib\site-packages\werkzeug\routing\map.py", line 919, in build
    raise BuildError(endpoint, values, method, self)
werkzeug.routing.exceptions.BuildError: Could not build url for endpoint 'change_password'. Did you mean 'main.change_password' instead?
2025-11-01 16:51:23,275 ERROR: Exception on /profile [GET] [in C:\Users\erkar\AppData\Local\Programs\Python\Python313\Lib\site-packages\flask\app.py:825]
Traceback (most recent call last):
  File "C:\Users\erkar\AppData\Local\Programs\Python\Python313\Lib\site-packages\flask\app.py", line 1455, in wsgi_app
    response = self.full_dispatch_request()
  File "C:\Users\erkar\AppData\Local\Programs\Python\Python313\Lib\site-packages\flask\app.py", line 869, in full_dispatch_request
    rv = self.handle_user_exception(e)
  File "C:\Users\erkar\AppData\Local\Programs\Python\Python313\Lib\site-packages\flask_cors\extension.py", line 176, in wrapped_function
    return cors_after_request(app.make_response(f(*args, **kwargs)))
                                                ~^^^^^^^^^^^^^^^^^
  File "C:\Users\erkar\AppData\Local\Programs\Python\Python313\Lib\site-packages\flask\app.py", line 867, in full_dispatch_request
    rv = self.dispatch_request()
  File "C:\Users\erkar\AppData\Local\Programs\Python\Python313\Lib\site-packages\flask\app.py", line 852, in dispatch_request
    return self.ensure_sync(self.view_functions[rule.endpoint])(**view_args)
           ~~~~~~~~~~~~~~~~~~~~~~~~~~~~~~~~~~~~~~~~~~~~~~~~~~~~^^^^^^^^^^^^^
  File "C:\Users\erkar\AppData\Local\Programs\Python\Python313\Lib\site-packages\flask_login\utils.py", line 290, in decorated_view
    return current_app.ensure_sync(func)(*args, **kwargs)
           ~~~~~~~~~~~~~~~~~~~~~~~~~~~~~^^^^^^^^^^^^^^^^^
  File "C:\Users\erkar\OneDrive\Desktop\MTC\project-root\app\main\routes.py", line 142, in profile
    return render_template('profile.html', user=current_user)
  File "C:\Users\erkar\AppData\Local\Programs\Python\Python313\Lib\site-packages\flask\templating.py", line 152, in render_template
    return _render(app, template, context)
  File "C:\Users\erkar\AppData\Local\Programs\Python\Python313\Lib\site-packages\flask\templating.py", line 133, in _render
    rv = template.render(context)
  File "C:\Users\erkar\AppData\Local\Programs\Python\Python313\Lib\site-packages\jinja2\environment.py", line 1295, in render
    self.environment.handle_exception()
    ~~~~~~~~~~~~~~~~~~~~~~~~~~~~~~~~~^^
  File "C:\Users\erkar\AppData\Local\Programs\Python\Python313\Lib\site-packages\jinja2\environment.py", line 942, in handle_exception
    raise rewrite_traceback_stack(source=source)
  File "C:\Users\erkar\OneDrive\Desktop\MTC\project-root\templates\profile.html", line 1, in top-level template code
    {% extends "base.html" %}
  File "C:\Users\erkar\OneDrive\Desktop\MTC\project-root\templates\base.html", line 149, in top-level template code
    {% block content %}{% endblock %}
    ^^^^^^^^^^^^^
  File "C:\Users\erkar\OneDrive\Desktop\MTC\project-root\templates\profile.html", line 61, in block 'content'
    <form action="{{ url_for('main.change_password') }}" method="POST" style="width:100%;">
    ^^^^^^^^^^^^^^^^^^^^^
  File "C:\Users\erkar\AppData\Local\Programs\Python\Python313\Lib\site-packages\flask\app.py", line 1071, in url_for
    return self.handle_url_build_error(error, endpoint, values)
           ~~~~~~~~~~~~~~~~~~~~~~~~~~~^^^^^^^^^^^^^^^^^^^^^^^^^
  File "C:\Users\erkar\AppData\Local\Programs\Python\Python313\Lib\site-packages\flask\app.py", line 1060, in url_for
    rv = url_adapter.build(  # type: ignore[union-attr]
        endpoint,
    ...<3 lines>...
        force_external=_external,
    )
  File "C:\Users\erkar\AppData\Local\Programs\Python\Python313\Lib\site-packages\werkzeug\routing\map.py", line 919, in build
    raise BuildError(endpoint, values, method, self)
werkzeug.routing.exceptions.BuildError: Could not build url for endpoint 'change_password'. Did you mean 'main.change_password' instead?
2025-11-04 17:34:52,067 ERROR: Error listing processes: relation "processes" does not exist
LINE 3:                 FROM processes
                             ^
 [in C:\Users\erkar\OneDrive\Desktop\MTC\Project-root\app\api\process_management.py:101]
2025-11-04 18:12:33,785 ERROR: Error listing processes: column "user_id" does not exist
LINE 4:                 WHERE user_id = 3 AND is_deleted = FALSE
                              ^
 [in C:\Users\erkar\OneDrive\Desktop\MTC\Project-root\app\api\process_management.py:101]
2025-11-04 18:13:09,004 ERROR: Error listing subprocesses: SubprocessService.list_subprocesses() got an unexpected keyword argument 'subprocess_type' [in C:\Users\erkar\OneDrive\Desktop\MTC\Project-root\app\api\subprocess_management.py:81]
2025-11-04 18:13:12,557 ERROR: Error listing processes: column "user_id" does not exist
LINE 4:                 WHERE user_id = 3 AND is_deleted = FALSE
                              ^
 [in C:\Users\erkar\OneDrive\Desktop\MTC\Project-root\app\api\process_management.py:101]
2025-11-04 18:13:12,579 ERROR: Error listing processes: column "user_id" does not exist
LINE 4:                 WHERE user_id = 3 AND is_deleted = FALSE
                              ^
 [in C:\Users\erkar\OneDrive\Desktop\MTC\Project-root\app\api\process_management.py:101]
2025-11-04 18:13:18,353 ERROR: Error listing processes: column "user_id" does not exist
LINE 4:                 WHERE user_id = 3 AND is_deleted = FALSE
                              ^
 [in C:\Users\erkar\OneDrive\Desktop\MTC\Project-root\app\api\process_management.py:101]
2025-11-04 18:13:30,719 ERROR: Error listing processes: column "user_id" does not exist
LINE 4:                 WHERE user_id = 3 AND is_deleted = FALSE
                              ^
 [in C:\Users\erkar\OneDrive\Desktop\MTC\Project-root\app\api\process_management.py:101]
2025-11-04 19:45:20,583 INFO: Universal Process Framework API blueprints exempted from CSRF protection [in C:\Users\erkar\OneDrive\Desktop\MTC\project-root\app\__init__.py:256]
2025-11-04 19:45:31,871 INFO: [CREATE PROCESS] Received request from user 3 [in C:\Users\erkar\OneDrive\Desktop\MTC\project-root\app\api\process_management.py:54]
2025-11-04 19:45:31,872 INFO: [CREATE PROCESS] Creating process 'Frame Assembly' with class 'Manufacturing' [in C:\Users\erkar\OneDrive\Desktop\MTC\project-root\app\api\process_management.py:101]
2025-11-04 19:45:31,927 ERROR: [CREATE PROCESS] Unexpected error: '_GeneratorContextManager' object has no attribute 'rollback' [in C:\Users\erkar\OneDrive\Desktop\MTC\project-root\app\api\process_management.py:129]
Traceback (most recent call last):
  File "C:\Users\erkar\OneDrive\Desktop\MTC\project-root\app\services\audit_service.py", line 38, in log_action
    cur = conn.cursor()
          ^^^^^^^^^^^
AttributeError: '_GeneratorContextManager' object has no attribute 'cursor'

During handling of the above exception, another exception occurred:

Traceback (most recent call last):
  File "C:\Users\erkar\OneDrive\Desktop\MTC\project-root\app\api\process_management.py", line 111, in create_process
    audit.log_create('process', process['id'], data['name'])
    ~~~~~~~~~~~~~~~~^^^^^^^^^^^^^^^^^^^^^^^^^^^^^^^^^^^^^^^^
  File "C:\Users\erkar\OneDrive\Desktop\MTC\project-root\app\services\audit_service.py", line 99, in log_create
    return AuditService.log_action(
           ~~~~~~~~~~~~~~~~~~~~~~~^
        action_type='CREATE',
        ^^^^^^^^^^^^^^^^^^^^^
    ...<3 lines>...
        changes={'new': data}
        ^^^^^^^^^^^^^^^^^^^^^
    )
    ^
  File "C:\Users\erkar\OneDrive\Desktop\MTC\project-root\app\services\audit_service.py", line 84, in log_action
    conn.rollback()
    ^^^^^^^^^^^^^
AttributeError: '_GeneratorContextManager' object has no attribute 'rollback'
2025-11-04 19:49:25,810 INFO: Universal Process Framework API blueprints exempted from CSRF protection [in C:\Users\erkar\OneDrive\Desktop\MTC\Project-root\app\__init__.py:256]
2025-11-04 19:52:57,054 INFO: [CREATE PROCESS] Received request from user 3 [in C:\Users\erkar\OneDrive\Desktop\MTC\project-root\app\api\process_management.py:54]
2025-11-04 19:52:57,058 INFO: [CREATE PROCESS] Creating process 'Frame Assembly' with class 'Manufacturing' [in C:\Users\erkar\OneDrive\Desktop\MTC\project-root\app\api\process_management.py:101]
2025-11-04 19:52:57,215 ERROR: [CREATE PROCESS] Unexpected error: duplicate key value violates unique constraint "unique_process_name"
DETAIL:  Key (name)=(Frame Assembly) already exists.
 [in C:\Users\erkar\OneDrive\Desktop\MTC\project-root\app\api\process_management.py:129]
Traceback (most recent call last):
  File "C:\Users\erkar\OneDrive\Desktop\MTC\project-root\app\api\process_management.py", line 103, in create_process
    process = ProcessService.create_process(
        name=data['name'].strip(),
    ...<2 lines>...
        process_class=process_class
    )
  File "C:\Users\erkar\OneDrive\Desktop\MTC\project-root\app\services\process_service.py", line 47, in create_process
    cur.execute("""
    ~~~~~~~~~~~^^^^
        INSERT INTO processes (name, description, process_class, created_by, status)
        ^^^^^^^^^^^^^^^^^^^^^^^^^^^^^^^^^^^^^^^^^^^^^^^^^^^^^^^^^^^^^^^^^^^^^^^^^^^^
        VALUES (%s, %s, %s, %s, 'Active')
        ^^^^^^^^^^^^^^^^^^^^^^^^^^^^^^^^^
        RETURNING *
        ^^^^^^^^^^^
    """, (name, description, process_class, user_id))
    ^^^^^^^^^^^^^^^^^^^^^^^^^^^^^^^^^^^^^^^^^^^^^^^^^
  File "C:\Users\erkar\OneDrive\Desktop\MTC\venv2\Lib\site-packages\psycopg2\extras.py", line 236, in execute
    return super().execute(query, vars)
           ~~~~~~~~~~~~~~~^^^^^^^^^^^^^
psycopg2.errors.UniqueViolation: duplicate key value violates unique constraint "unique_process_name"
DETAIL:  Key (name)=(Frame Assembly) already exists.

2025-11-04 19:53:58,112 INFO: Universal Process Framework API blueprints exempted from CSRF protection [in C:\Users\erkar\OneDrive\Desktop\MTC\Project-root\app\__init__.py:256]
2025-11-04 19:54:11,187 INFO: [CREATE PROCESS] Received request from user 3 [in C:\Users\erkar\OneDrive\Desktop\MTC\project-root\app\api\process_management.py:54]
2025-11-04 19:54:11,189 INFO: [CREATE PROCESS] Creating process 'Frame Assembly' with class 'Manufacturing' [in C:\Users\erkar\OneDrive\Desktop\MTC\project-root\app\api\process_management.py:101]
2025-11-04 19:54:11,213 ERROR: [CREATE PROCESS] Unexpected error: duplicate key value violates unique constraint "unique_process_name"
DETAIL:  Key (name)=(Frame Assembly) already exists.
 [in C:\Users\erkar\OneDrive\Desktop\MTC\project-root\app\api\process_management.py:129]
Traceback (most recent call last):
  File "C:\Users\erkar\OneDrive\Desktop\MTC\project-root\app\api\process_management.py", line 103, in create_process
    process = ProcessService.create_process(
        name=data['name'].strip(),
    ...<2 lines>...
        process_class=process_class
    )
  File "C:\Users\erkar\OneDrive\Desktop\MTC\project-root\app\services\process_service.py", line 47, in create_process
    cur.execute("""
    ~~~~~~~~~~~^^^^
        INSERT INTO processes (name, description, process_class, created_by, status)
        ^^^^^^^^^^^^^^^^^^^^^^^^^^^^^^^^^^^^^^^^^^^^^^^^^^^^^^^^^^^^^^^^^^^^^^^^^^^^
        VALUES (%s, %s, %s, %s, 'Active')
        ^^^^^^^^^^^^^^^^^^^^^^^^^^^^^^^^^
        RETURNING *
        ^^^^^^^^^^^
    """, (name, description, process_class, user_id))
    ^^^^^^^^^^^^^^^^^^^^^^^^^^^^^^^^^^^^^^^^^^^^^^^^^
  File "C:\Users\erkar\OneDrive\Desktop\MTC\venv2\Lib\site-packages\psycopg2\extras.py", line 236, in execute
    return super().execute(query, vars)
           ~~~~~~~~~~~~~~~^^^^^^^^^^^^^
psycopg2.errors.UniqueViolation: duplicate key value violates unique constraint "unique_process_name"
DETAIL:  Key (name)=(Frame Assembly) already exists.

